
Accept: text/html, application/xhtml+xml, image/jxr, */*
Accept-Language: ja
User-Agent: Mozilla/5.0 (Windows NT 10.0; Win64; x64) AppleWebKit/537.36 (KHTML, like Gecko) Chrome/51.0.2704.79 Safari/537.36 Edge/14.14393
Accept-Encoding: gzip, deflate
Host: localhost:1234
Connection: Keep-Alive

Accept: text/html, application/xhtml+xml, image/jxr, */*
Accept-Language: ja
User-Agent: Mozilla/5.0 (Windows NT 10.0; Win64; x64) AppleWebKit/537.36 (KHTML, like Gecko) Chrome/51.0.2704.79 Safari/537.36 Edge/14.14393
Accept-Encoding: gzip, deflate
Host: localhost:1234
Connection: Keep-Alive

Accept: text/html, application/xhtml+xml, image/jxr, */*
Accept-Language: ja
User-Agent: Mozilla/5.0 (Windows NT 10.0; Win64; x64) AppleWebKit/537.36 (KHTML, like Gecko) Chrome/51.0.2704.79 Safari/537.36 Edge/14.14393
Accept-Encoding: gzip, deflate
Host: localhost:1234
Connection: Keep-Alive

Accept: text/html, application/xhtml+xml, image/jxr, */*
Accept-Language: ja
User-Agent: Mozilla/5.0 (Windows NT 10.0; Win64; x64) AppleWebKit/537.36 (KHTML, like Gecko) Chrome/51.0.2704.79 Safari/537.36 Edge/14.14393
Accept-Encoding: gzip, deflate
Host: localhost:1234
Connection: Keep-Alive

Accept: text/html, application/xhtml+xml, image/jxr, */*
Referer: http://localhost:1234/
Accept-Language: ja
User-Agent: Mozilla/5.0 (Windows NT 10.0; Win64; x64) AppleWebKit/537.36 (KHTML, like Gecko) Chrome/51.0.2704.79 Safari/537.36 Edge/14.14393
Accept-Encoding: gzip, deflate
Host: localhost:1234
Connection: Keep-Alive

Accept: text/html, application/xhtml+xml, image/jxr, */*
Accept-Language: ja
User-Agent: Mozilla/5.0 (Windows NT 10.0; Win64; x64) AppleWebKit/537.36 (KHTML, like Gecko) Chrome/51.0.2704.79 Safari/537.36 Edge/14.14393
Accept-Encoding: gzip, deflate
Host: localhost:1234
Connection: Keep-Alive

Accept: text/html, application/xhtml+xml, image/jxr, */*
Accept-Language: ja
User-Agent: Mozilla/5.0 (Windows NT 10.0; Win64; x64) AppleWebKit/537.36 (KHTML, like Gecko) Chrome/51.0.2704.79 Safari/537.36 Edge/14.14393
Accept-Encoding: gzip, deflate
Host: localhost:1234
Connection: Keep-Alive

Accept: text/html, application/xhtml+xml, image/jxr, */*
Accept-Language: ja
User-Agent: Mozilla/5.0 (Windows NT 10.0; Win64; x64) AppleWebKit/537.36 (KHTML, like Gecko) Chrome/51.0.2704.79 Safari/537.36 Edge/14.14393
Accept-Encoding: gzip, deflate
Host: localhost:1234
Connection: Keep-Alive

Accept: text/html, application/xhtml+xml, image/jxr, */*
Referer: http://localhost:1234/
Accept-Language: ja
User-Agent: Mozilla/5.0 (Windows NT 10.0; Win64; x64) AppleWebKit/537.36 (KHTML, like Gecko) Chrome/51.0.2704.79 Safari/537.36 Edge/14.14393
Accept-Encoding: gzip, deflate
Host: localhost:1234
Connection: Keep-Alive

Accept: text/html, application/xhtml+xml, image/jxr, */*
Referer: http://localhost:1234/.aws/
Accept-Language: ja
User-Agent: Mozilla/5.0 (Windows NT 10.0; Win64; x64) AppleWebKit/537.36 (KHTML, like Gecko) Chrome/51.0.2704.79 Safari/537.36 Edge/14.14393
Accept-Encoding: gzip, deflate
Host: localhost:1234
Connection: Keep-Alive

Accept: text/html, application/xhtml+xml, image/jxr, */*
Accept-Language: ja
User-Agent: Mozilla/5.0 (Windows NT 10.0; Win64; x64) AppleWebKit/537.36 (KHTML, like Gecko) Chrome/51.0.2704.79 Safari/537.36 Edge/14.14393
Accept-Encoding: gzip, deflate
Host: localhost:1234
Connection: Keep-Alive

Accept: text/html, application/xhtml+xml, image/jxr, */*
Accept-Language: ja
User-Agent: Mozilla/5.0 (Windows NT 10.0; Win64; x64) AppleWebKit/537.36 (KHTML, like Gecko) Chrome/51.0.2704.79 Safari/537.36 Edge/14.14393
Accept-Encoding: gzip, deflate
Host: localhost:1234
Connection: Keep-Alive

Accept: text/html, application/xhtml+xml, image/jxr, */*
Accept-Language: ja
User-Agent: Mozilla/5.0 (Windows NT 10.0; Win64; x64) AppleWebKit/537.36 (KHTML, like Gecko) Chrome/51.0.2704.79 Safari/537.36 Edge/14.14393
Accept-Encoding: gzip, deflate
Host: localhost:1234
Connection: Keep-Alive

Accept: text/html, application/xhtml+xml, image/jxr, */*
Accept-Language: ja
User-Agent: Mozilla/5.0 (Windows NT 10.0; Win64; x64) AppleWebKit/537.36 (KHTML, like Gecko) Chrome/51.0.2704.79 Safari/537.36 Edge/14.14393
Accept-Encoding: gzip, deflate
Host: localhost:1234
Connection: Keep-Alive

Accept: text/html, application/xhtml+xml, image/jxr, */*
Accept-Language: ja
User-Agent: Mozilla/5.0 (Windows NT 10.0; Win64; x64) AppleWebKit/537.36 (KHTML, like Gecko) Chrome/51.0.2704.79 Safari/537.36 Edge/14.14393
Accept-Encoding: gzip, deflate
Host: localhost:1234
Connection: Keep-Alive

Accept: text/html, application/xhtml+xml, image/jxr, */*
Referer: http://localhost:1234/
Accept-Language: ja
User-Agent: Mozilla/5.0 (Windows NT 10.0; Win64; x64) AppleWebKit/537.36 (KHTML, like Gecko) Chrome/51.0.2704.79 Safari/537.36 Edge/14.14393
Accept-Encoding: gzip, deflate
Host: localhost:1234
Connection: Keep-Alive

Accept: text/html, application/xhtml+xml, image/jxr, */*
Accept-Language: ja
User-Agent: Mozilla/5.0 (Windows NT 10.0; Win64; x64) AppleWebKit/537.36 (KHTML, like Gecko) Chrome/51.0.2704.79 Safari/537.36 Edge/14.14393
Accept-Encoding: gzip, deflate
Host: localhost:8080
Connection: Keep-Alive

Accept: text/html, application/xhtml+xml, image/jxr, */*
Accept-Language: ja
User-Agent: Mozilla/5.0 (Windows NT 10.0; Win64; x64) AppleWebKit/537.36 (KHTML, like Gecko) Chrome/51.0.2704.79 Safari/537.36 Edge/14.14393
Accept-Encoding: gzip, deflate
Host: localhost:8080
Connection: Keep-Alive

Accept: text/html, application/xhtml+xml, image/jxr, */*
Referer: http://localhost:8080/
Accept-Language: ja
User-Agent: Mozilla/5.0 (Windows NT 10.0; Win64; x64) AppleWebKit/537.36 (KHTML, like Gecko) Chrome/51.0.2704.79 Safari/537.36 Edge/14.14393
Accept-Encoding: gzip, deflate
Host: localhost:8080
Connection: Keep-Alive

Accept: text/html, application/xhtml+xml, image/jxr, */*
Accept-Language: ja
User-Agent: Mozilla/5.0 (Windows NT 10.0; Win64; x64) AppleWebKit/537.36 (KHTML, like Gecko) Chrome/51.0.2704.79 Safari/537.36 Edge/14.14393
Accept-Encoding: gzip, deflate
Host: localhost:8080
Connection: Keep-Alive

Accept: text/html, application/xhtml+xml, image/jxr, */*
Referer: http://localhost:8080/
Accept-Language: ja
User-Agent: Mozilla/5.0 (Windows NT 10.0; Win64; x64) AppleWebKit/537.36 (KHTML, like Gecko) Chrome/51.0.2704.79 Safari/537.36 Edge/14.14393
Accept-Encoding: gzip, deflate
Host: localhost:8080
Connection: Keep-Alive

Accept: text/html, application/xhtml+xml, image/jxr, */*
Accept-Language: ja
User-Agent: Mozilla/5.0 (Windows NT 10.0; Win64; x64) AppleWebKit/537.36 (KHTML, like Gecko) Chrome/51.0.2704.79 Safari/537.36 Edge/14.14393
Accept-Encoding: gzip, deflate
Host: localhost:8080
Connection: Keep-Alive

Accept: text/html, application/xhtml+xml, image/jxr, */*
Accept-Language: ja
User-Agent: Mozilla/5.0 (Windows NT 10.0; Win64; x64) AppleWebKit/537.36 (KHTML, like Gecko) Chrome/51.0.2704.79 Safari/537.36 Edge/14.14393
Accept-Encoding: gzip, deflate
Host: localhost:1234
Connection: Keep-Alive

Accept: text/html, application/xhtml+xml, image/jxr, */*
Referer: http://localhost:1234/
Accept-Language: ja
User-Agent: Mozilla/5.0 (Windows NT 10.0; Win64; x64) AppleWebKit/537.36 (KHTML, like Gecko) Chrome/51.0.2704.79 Safari/537.36 Edge/14.14393
Accept-Encoding: gzip, deflate
Host: localhost:1234
Connection: Keep-Alive

Accept: text/html, application/xhtml+xml, image/jxr, */*
Referer: http://localhost:1234/.aws/
Accept-Language: ja
User-Agent: Mozilla/5.0 (Windows NT 10.0; Win64; x64) AppleWebKit/537.36 (KHTML, like Gecko) Chrome/51.0.2704.79 Safari/537.36 Edge/14.14393
Accept-Encoding: gzip, deflate
Host: localhost:1234
Connection: Keep-Alive

Accept: text/html, application/xhtml+xml, image/jxr, */*
Accept-Language: ja
User-Agent: Mozilla/5.0 (Windows NT 10.0; Win64; x64) AppleWebKit/537.36 (KHTML, like Gecko) Chrome/51.0.2704.79 Safari/537.36 Edge/14.14393
Accept-Encoding: gzip, deflate
Host: localhost:1234
Connection: Keep-Alive

Accept: text/html, application/xhtml+xml, image/jxr, */*
Referer: http://localhost:1234/
Accept-Language: ja
User-Agent: Mozilla/5.0 (Windows NT 10.0; Win64; x64) AppleWebKit/537.36 (KHTML, like Gecko) Chrome/51.0.2704.79 Safari/537.36 Edge/14.14393
Accept-Encoding: gzip, deflate
Host: localhost:1234
Connection: Keep-Alive

Accept: text/html, application/xhtml+xml, image/jxr, */*
Accept-Language: ja
User-Agent: Mozilla/5.0 (Windows NT 10.0; Win64; x64) AppleWebKit/537.36 (KHTML, like Gecko) Chrome/51.0.2704.79 Safari/537.36 Edge/14.14393
Accept-Encoding: gzip, deflate
Host: localhost:1234
Connection: Keep-Alive

Accept: text/html, application/xhtml+xml, image/jxr, */*
Referer: http://localhost:1234/
Accept-Language: ja
User-Agent: Mozilla/5.0 (Windows NT 10.0; Win64; x64) AppleWebKit/537.36 (KHTML, like Gecko) Chrome/51.0.2704.79 Safari/537.36 Edge/14.14393
Accept-Encoding: gzip, deflate
Host: localhost:1234
Connection: Keep-Alive

Accept: text/html, application/xhtml+xml, image/jxr, */*
Referer: http://localhost:1234/
Accept-Language: ja
User-Agent: Mozilla/5.0 (Windows NT 10.0; Win64; x64) AppleWebKit/537.36 (KHTML, like Gecko) Chrome/51.0.2704.79 Safari/537.36 Edge/14.14393
Accept-Encoding: gzip, deflate
Host: localhost:1234
Connection: Keep-Alive

Accept: text/html, application/xhtml+xml, image/jxr, */*
Referer: http://localhost:1234/
Accept-Language: ja
User-Agent: Mozilla/5.0 (Windows NT 10.0; Win64; x64) AppleWebKit/537.36 (KHTML, like Gecko) Chrome/51.0.2704.79 Safari/537.36 Edge/14.14393
Accept-Encoding: gzip, deflate
Host: localhost:1234
Connection: Keep-Alive

Accept: text/html, application/xhtml+xml, image/jxr, */*
Referer: http://localhost:1234/
Accept-Language: ja
User-Agent: Mozilla/5.0 (Windows NT 10.0; Win64; x64) AppleWebKit/537.36 (KHTML, like Gecko) Chrome/51.0.2704.79 Safari/537.36 Edge/14.14393
Accept-Encoding: gzip, deflate
Host: localhost:1234
Connection: Keep-Alive

Accept: text/html, application/xhtml+xml, image/jxr, */*
Accept-Language: ja
User-Agent: Mozilla/5.0 (Windows NT 10.0; Win64; x64) AppleWebKit/537.36 (KHTML, like Gecko) Chrome/51.0.2704.79 Safari/537.36 Edge/14.14393
Accept-Encoding: gzip, deflate
Host: localhost:1234
Connection: Keep-Alive

Accept: text/html, application/xhtml+xml, image/jxr, */*
Referer: http://localhost:1234/
Accept-Language: ja
User-Agent: Mozilla/5.0 (Windows NT 10.0; Win64; x64) AppleWebKit/537.36 (KHTML, like Gecko) Chrome/51.0.2704.79 Safari/537.36 Edge/14.14393
Accept-Encoding: gzip, deflate
Host: localhost:1234
Connection: Keep-Alive

Accept: text/html, application/xhtml+xml, image/jxr, */*
Referer: http://localhost:1234/
Accept-Language: ja
User-Agent: Mozilla/5.0 (Windows NT 10.0; Win64; x64) AppleWebKit/537.36 (KHTML, like Gecko) Chrome/51.0.2704.79 Safari/537.36 Edge/14.14393
Accept-Encoding: gzip, deflate
Host: localhost:1234
Connection: Keep-Alive

Accept: text/html, application/xhtml+xml, image/jxr, */*
Referer: http://localhost:1234/
Accept-Language: ja
User-Agent: Mozilla/5.0 (Windows NT 10.0; Win64; x64) AppleWebKit/537.36 (KHTML, like Gecko) Chrome/51.0.2704.79 Safari/537.36 Edge/14.14393
Accept-Encoding: gzip, deflate
Host: localhost:1234
Connection: Keep-Alive

Accept: text/html, application/xhtml+xml, image/jxr, */*
Referer: http://localhost:1234/
Accept-Language: ja
User-Agent: Mozilla/5.0 (Windows NT 10.0; Win64; x64) AppleWebKit/537.36 (KHTML, like Gecko) Chrome/51.0.2704.79 Safari/537.36 Edge/14.14393
Accept-Encoding: gzip, deflate
Host: localhost:1234
Connection: Keep-Alive

Accept: text/html, application/xhtml+xml, image/jxr, */*
Accept-Language: ja
User-Agent: Mozilla/5.0 (Windows NT 10.0; Win64; x64) AppleWebKit/537.36 (KHTML, like Gecko) Chrome/51.0.2704.79 Safari/537.36 Edge/14.14393
Accept-Encoding: gzip, deflate
Host: localhost:1234
Connection: Keep-Alive

Accept: text/html, application/xhtml+xml, image/jxr, */*
Accept-Language: ja
User-Agent: Mozilla/5.0 (Windows NT 10.0; Win64; x64) AppleWebKit/537.36 (KHTML, like Gecko) Chrome/51.0.2704.79 Safari/537.36 Edge/14.14393
Accept-Encoding: gzip, deflate
Host: localhost:1234
Connection: Keep-Alive

Accept: text/html, application/xhtml+xml, image/jxr, */*
Accept-Language: ja
User-Agent: Mozilla/5.0 (Windows NT 10.0; Win64; x64) AppleWebKit/537.36 (KHTML, like Gecko) Chrome/51.0.2704.79 Safari/537.36 Edge/14.14393
Accept-Encoding: gzip, deflate
Host: localhost:1234
Connection: Keep-Alive

Accept: text/html, application/xhtml+xml, image/jxr, */*
Referer: http://localhost:1234/
Accept-Language: ja
User-Agent: Mozilla/5.0 (Windows NT 10.0; Win64; x64) AppleWebKit/537.36 (KHTML, like Gecko) Chrome/51.0.2704.79 Safari/537.36 Edge/14.14393
Accept-Encoding: gzip, deflate
Host: localhost:1234
Connection: Keep-Alive

Accept: text/html, application/xhtml+xml, image/jxr, */*
Referer: http://localhost:1234/
Accept-Language: ja
User-Agent: Mozilla/5.0 (Windows NT 10.0; Win64; x64) AppleWebKit/537.36 (KHTML, like Gecko) Chrome/51.0.2704.79 Safari/537.36 Edge/14.14393
Accept-Encoding: gzip, deflate
Host: localhost:1234
Connection: Keep-Alive

Accept: text/html, application/xhtml+xml, image/jxr, */*
Referer: http://localhost:1234/
Accept-Language: ja
User-Agent: Mozilla/5.0 (Windows NT 10.0; Win64; x64) AppleWebKit/537.36 (KHTML, like Gecko) Chrome/51.0.2704.79 Safari/537.36 Edge/14.14393
Accept-Encoding: gzip, deflate
Host: localhost:1234
Connection: Keep-Alive

Accept: text/html, application/xhtml+xml, image/jxr, */*
Accept-Language: ja
User-Agent: Mozilla/5.0 (Windows NT 10.0; Win64; x64) AppleWebKit/537.36 (KHTML, like Gecko) Chrome/51.0.2704.79 Safari/537.36 Edge/14.14393
Accept-Encoding: gzip, deflate
Host: localhost:1234
Connection: Keep-Alive

Accept: text/css, */*
Referer: http://localhost:1234/
Accept-Language: ja
User-Agent: Mozilla/5.0 (Windows NT 10.0; Win64; x64) AppleWebKit/537.36 (KHTML, like Gecko) Chrome/51.0.2704.79 Safari/537.36 Edge/14.14393
Accept-Encoding: gzip, deflate
Host: localhost:1234
Connection: Keep-Alive

Accept: */*
Accept-Language: ja
Accept-Encoding: gzip, deflate
User-Agent: Mozilla/5.0 (Windows NT 10.0; Win64; x64) AppleWebKit/537.36 (KHTML, like Gecko) Chrome/51.0.2704.79 Safari/537.36 Edge/14.14393
Host: localhost:1234
Connection: Keep-Alive

Accept: text/html, application/xhtml+xml, image/jxr, */*
Accept-Language: ja
User-Agent: Mozilla/5.0 (Windows NT 10.0; Win64; x64) AppleWebKit/537.36 (KHTML, like Gecko) Chrome/51.0.2704.79 Safari/537.36 Edge/14.14393
Accept-Encoding: gzip, deflate
Host: localhost:1234
Connection: Keep-Alive

Accept: text/css, */*
Referer: http://localhost:1234/
Accept-Language: ja
User-Agent: Mozilla/5.0 (Windows NT 10.0; Win64; x64) AppleWebKit/537.36 (KHTML, like Gecko) Chrome/51.0.2704.79 Safari/537.36 Edge/14.14393
Accept-Encoding: gzip, deflate
Host: localhost:1234
Connection: Keep-Alive

Host: localhost:1234
Connection: keep-alive
Upgrade-Insecure-Requests: 1
User-Agent: Mozilla/5.0 (Windows NT 10.0; Win64; x64) AppleWebKit/537.36 (KHTML, like Gecko) Chrome/55.0.2883.87 Safari/537.36
Accept: text/html,application/xhtml+xml,application/xml;q=0.9,image/webp,*/*;q=0.8
Accept-Encoding: gzip, deflate, sdch, br
Accept-Language: ja,en-US;q=0.8,en;q=0.6

Host: localhost:1234
Connection: keep-alive
User-Agent: Mozilla/5.0 (Windows NT 10.0; Win64; x64) AppleWebKit/537.36 (KHTML, like Gecko) Chrome/55.0.2883.87 Safari/537.36
Accept: text/css,*/*;q=0.1
Referer: http://localhost:1234/
Accept-Encoding: gzip, deflate, sdch, br
Accept-Language: ja,en-US;q=0.8,en;q=0.6

Host: localhost:1234
Connection: keep-alive
User-Agent: Mozilla/5.0 (Windows NT 10.0; Win64; x64) AppleWebKit/537.36 (KHTML, like Gecko) Chrome/55.0.2883.87 Safari/537.36
Accept: image/webp,image/*,*/*;q=0.8
Referer: http://localhost:1234/
Accept-Encoding: gzip, deflate, sdch, br
Accept-Language: ja,en-US;q=0.8,en;q=0.6

Host: localhost:1234
Connection: keep-alive
User-Agent: Mozilla/5.0 (Windows NT 10.0; Win64; x64) AppleWebKit/537.36 (KHTML, like Gecko) Chrome/55.0.2883.87 Safari/537.36
Accept: text/css,*/*;q=0.1
Referer: http://localhost:1234/
Accept-Encoding: gzip, deflate, sdch, br
Accept-Language: ja,en-US;q=0.8,en;q=0.6

Accept: text/html, application/xhtml+xml, image/jxr, */*
Accept-Language: ja
User-Agent: Mozilla/5.0 (Windows NT 10.0; Win64; x64) AppleWebKit/537.36 (KHTML, like Gecko) Chrome/51.0.2704.79 Safari/537.36 Edge/14.14393
Accept-Encoding: gzip, deflate
Host: localhost:1234
Connection: Keep-Alive

Accept: text/html, application/xhtml+xml, image/jxr, */*
Referer: http://localhost:1234/
Accept-Language: ja
User-Agent: Mozilla/5.0 (Windows NT 10.0; Win64; x64) AppleWebKit/537.36 (KHTML, like Gecko) Chrome/51.0.2704.79 Safari/537.36 Edge/14.14393
Accept-Encoding: gzip, deflate
Host: localhost:1234
Connection: Keep-Alive

Accept: text/html, application/xhtml+xml, image/jxr, */*
Referer: http://localhost:1234/
Accept-Language: ja
User-Agent: Mozilla/5.0 (Windows NT 10.0; Win64; x64) AppleWebKit/537.36 (KHTML, like Gecko) Chrome/51.0.2704.79 Safari/537.36 Edge/14.14393
Accept-Encoding: gzip, deflate
Host: localhost:1234
Connection: Keep-Alive

Accept: text/html, application/xhtml+xml, image/jxr, */*
Referer: http://localhost:1234/
Accept-Language: ja
User-Agent: Mozilla/5.0 (Windows NT 10.0; Win64; x64) AppleWebKit/537.36 (KHTML, like Gecko) Chrome/51.0.2704.79 Safari/537.36 Edge/14.14393
Accept-Encoding: gzip, deflate
Host: localhost:1234
Connection: Keep-Alive

Accept: text/html, application/xhtml+xml, image/jxr, */*
Referer: http://localhost:1234/
Accept-Language: ja
User-Agent: Mozilla/5.0 (Windows NT 10.0; Win64; x64) AppleWebKit/537.36 (KHTML, like Gecko) Chrome/51.0.2704.79 Safari/537.36 Edge/14.14393
Accept-Encoding: gzip, deflate
Host: localhost:1234
Connection: Keep-Alive

Accept: text/html, application/xhtml+xml, image/jxr, */*
Referer: http://localhost:1234/
Accept-Language: ja
User-Agent: Mozilla/5.0 (Windows NT 10.0; Win64; x64) AppleWebKit/537.36 (KHTML, like Gecko) Chrome/51.0.2704.79 Safari/537.36 Edge/14.14393
Accept-Encoding: gzip, deflate
Host: localhost:1234
Connection: Keep-Alive

Accept: text/html, application/xhtml+xml, image/jxr, */*
Referer: http://localhost:1234/
Accept-Language: ja
User-Agent: Mozilla/5.0 (Windows NT 10.0; Win64; x64) AppleWebKit/537.36 (KHTML, like Gecko) Chrome/51.0.2704.79 Safari/537.36 Edge/14.14393
Accept-Encoding: gzip, deflate
Host: localhost:1234
Connection: Keep-Alive

Accept: text/html, application/xhtml+xml, image/jxr, */*
Referer: http://localhost:1234/
Accept-Language: ja
User-Agent: Mozilla/5.0 (Windows NT 10.0; Win64; x64) AppleWebKit/537.36 (KHTML, like Gecko) Chrome/51.0.2704.79 Safari/537.36 Edge/14.14393
Accept-Encoding: gzip, deflate
Host: localhost:1234
Connection: Keep-Alive

Accept: text/html, application/xhtml+xml, image/jxr, */*
Referer: http://localhost:1234/
Accept-Language: ja
User-Agent: Mozilla/5.0 (Windows NT 10.0; Win64; x64) AppleWebKit/537.36 (KHTML, like Gecko) Chrome/51.0.2704.79 Safari/537.36 Edge/14.14393
Accept-Encoding: gzip, deflate
Host: localhost:1234
Connection: Keep-Alive

Accept: text/html, application/xhtml+xml, image/jxr, */*
Accept-Language: ja
User-Agent: Mozilla/5.0 (Windows NT 10.0; Win64; x64) AppleWebKit/537.36 (KHTML, like Gecko) Chrome/51.0.2704.79 Safari/537.36 Edge/14.14393
Accept-Encoding: gzip, deflate
Host: localhost:1234
Connection: Keep-Alive

Accept: text/html, application/xhtml+xml, image/jxr, */*
Accept-Language: ja
User-Agent: Mozilla/5.0 (Windows NT 10.0; Win64; x64) AppleWebKit/537.36 (KHTML, like Gecko) Chrome/51.0.2704.79 Safari/537.36 Edge/14.14393
Accept-Encoding: gzip, deflate
Host: localhost:1234
Connection: Keep-Alive

Accept: text/html, application/xhtml+xml, image/jxr, */*
Accept-Language: ja
User-Agent: Mozilla/5.0 (Windows NT 10.0; Win64; x64) AppleWebKit/537.36 (KHTML, like Gecko) Chrome/51.0.2704.79 Safari/537.36 Edge/14.14393
Accept-Encoding: gzip, deflate
Host: localhost:1234
Connection: Keep-Alive

Accept: text/html, application/xhtml+xml, image/jxr, */*
Accept-Language: ja
User-Agent: Mozilla/5.0 (Windows NT 10.0; Win64; x64) AppleWebKit/537.36 (KHTML, like Gecko) Chrome/51.0.2704.79 Safari/537.36 Edge/14.14393
Accept-Encoding: gzip, deflate
Host: localhost:1234
Connection: Keep-Alive

Accept: text/html, application/xhtml+xml, image/jxr, */*
Accept-Language: ja
User-Agent: Mozilla/5.0 (Windows NT 10.0; Win64; x64) AppleWebKit/537.36 (KHTML, like Gecko) Chrome/51.0.2704.79 Safari/537.36 Edge/14.14393
Accept-Encoding: gzip, deflate
Host: localhost:1234
Connection: Keep-Alive

Accept: text/html, application/xhtml+xml, image/jxr, */*
Accept-Language: ja
User-Agent: Mozilla/5.0 (Windows NT 10.0; Win64; x64) AppleWebKit/537.36 (KHTML, like Gecko) Chrome/51.0.2704.79 Safari/537.36 Edge/14.14393
Accept-Encoding: gzip, deflate
Host: localhost:1234
Connection: Keep-Alive

Accept: text/html, application/xhtml+xml, image/jxr, */*
Accept-Language: ja
User-Agent: Mozilla/5.0 (Windows NT 10.0; Win64; x64) AppleWebKit/537.36 (KHTML, like Gecko) Chrome/51.0.2704.79 Safari/537.36 Edge/14.14393
Accept-Encoding: gzip, deflate
Host: localhost:1234
Connection: Keep-Alive

Accept: text/html, application/xhtml+xml, image/jxr, */*
Accept-Language: ja
User-Agent: Mozilla/5.0 (Windows NT 10.0; Win64; x64) AppleWebKit/537.36 (KHTML, like Gecko) Chrome/51.0.2704.79 Safari/537.36 Edge/14.14393
Accept-Encoding: gzip, deflate
Host: localhost:1234
Connection: Keep-Alive

Accept: text/html, application/xhtml+xml, image/jxr, */*
Accept-Language: ja
User-Agent: Mozilla/5.0 (Windows NT 10.0; Win64; x64) AppleWebKit/537.36 (KHTML, like Gecko) Chrome/51.0.2704.79 Safari/537.36 Edge/14.14393
Accept-Encoding: gzip, deflate
Host: localhost:1234
Connection: Keep-Alive

Accept: text/html, application/xhtml+xml, image/jxr, */*
Accept-Language: ja
User-Agent: Mozilla/5.0 (Windows NT 10.0; Win64; x64) AppleWebKit/537.36 (KHTML, like Gecko) Chrome/51.0.2704.79 Safari/537.36 Edge/14.14393
Accept-Encoding: gzip, deflate
Host: localhost:1234
Connection: Keep-Alive

Accept: text/html, application/xhtml+xml, image/jxr, */*
Accept-Language: ja
User-Agent: Mozilla/5.0 (Windows NT 10.0; Win64; x64) AppleWebKit/537.36 (KHTML, like Gecko) Chrome/51.0.2704.79 Safari/537.36 Edge/14.14393
Accept-Encoding: gzip, deflate
Host: localhost:1234
Connection: Keep-Alive

Accept: text/html, application/xhtml+xml, image/jxr, */*
Accept-Language: ja
User-Agent: Mozilla/5.0 (Windows NT 10.0; Win64; x64) AppleWebKit/537.36 (KHTML, like Gecko) Chrome/51.0.2704.79 Safari/537.36 Edge/14.14393
Accept-Encoding: gzip, deflate
Host: localhost:1234
Connection: Keep-Alive

Host: localhost:1234
Connection: keep-alive
Upgrade-Insecure-Requests: 1
User-Agent: Mozilla/5.0 (Windows NT 10.0; Win64; x64) AppleWebKit/537.36 (KHTML, like Gecko) Chrome/55.0.2883.87 Safari/537.36
Accept: text/html,application/xhtml+xml,application/xml;q=0.9,image/webp,*/*;q=0.8
Accept-Encoding: gzip, deflate, sdch, br
Accept-Language: ja,en-US;q=0.8,en;q=0.6

Host: localhost:1234
Connection: keep-alive
Cache-Control: max-age=0
Upgrade-Insecure-Requests: 1
User-Agent: Mozilla/5.0 (Windows NT 10.0; Win64; x64) AppleWebKit/537.36 (KHTML, like Gecko) Chrome/55.0.2883.87 Safari/537.36
Accept: text/html,application/xhtml+xml,application/xml;q=0.9,image/webp,*/*;q=0.8
Accept-Encoding: gzip, deflate, sdch, br
Accept-Language: ja,en-US;q=0.8,en;q=0.6

Host: localhost:1234
Connection: keep-alive
Cache-Control: max-age=0
Upgrade-Insecure-Requests: 1
User-Agent: Mozilla/5.0 (Windows NT 10.0; Win64; x64) AppleWebKit/537.36 (KHTML, like Gecko) Chrome/55.0.2883.87 Safari/537.36
Accept: text/html,application/xhtml+xml,application/xml;q=0.9,image/webp,*/*;q=0.8
Accept-Encoding: gzip, deflate, sdch, br
Accept-Language: ja,en-US;q=0.8,en;q=0.6

Host: localhost:1234
Connection: keep-alive
Cache-Control: max-age=0
Upgrade-Insecure-Requests: 1
User-Agent: Mozilla/5.0 (Windows NT 10.0; Win64; x64) AppleWebKit/537.36 (KHTML, like Gecko) Chrome/55.0.2883.87 Safari/537.36
Accept: text/html,application/xhtml+xml,application/xml;q=0.9,image/webp,*/*;q=0.8
Accept-Encoding: gzip, deflate, sdch, br
Accept-Language: ja,en-US;q=0.8,en;q=0.6

Host: localhost:1234
Connection: keep-alive
Cache-Control: max-age=0
Upgrade-Insecure-Requests: 1
User-Agent: Mozilla/5.0 (Windows NT 10.0; Win64; x64) AppleWebKit/537.36 (KHTML, like Gecko) Chrome/55.0.2883.87 Safari/537.36
Accept: text/html,application/xhtml+xml,application/xml;q=0.9,image/webp,*/*;q=0.8
Accept-Encoding: gzip, deflate, sdch, br
Accept-Language: ja,en-US;q=0.8,en;q=0.6

Host: localhost:1234
Connection: keep-alive
Cache-Control: max-age=0
Upgrade-Insecure-Requests: 1
User-Agent: Mozilla/5.0 (Windows NT 10.0; Win64; x64) AppleWebKit/537.36 (KHTML, like Gecko) Chrome/55.0.2883.87 Safari/537.36
Accept: text/html,application/xhtml+xml,application/xml;q=0.9,image/webp,*/*;q=0.8
Accept-Encoding: gzip, deflate, sdch, br
Accept-Language: ja,en-US;q=0.8,en;q=0.6

Host: localhost:1234
Connection: keep-alive
Cache-Control: max-age=0
Upgrade-Insecure-Requests: 1
User-Agent: Mozilla/5.0 (Windows NT 10.0; Win64; x64) AppleWebKit/537.36 (KHTML, like Gecko) Chrome/55.0.2883.87 Safari/537.36
Accept: text/html,application/xhtml+xml,application/xml;q=0.9,image/webp,*/*;q=0.8
Accept-Encoding: gzip, deflate, sdch, br
Accept-Language: ja,en-US;q=0.8,en;q=0.6

Host: localhost:1234
Connection: keep-alive
Cache-Control: max-age=0
Upgrade-Insecure-Requests: 1
User-Agent: Mozilla/5.0 (Windows NT 10.0; Win64; x64) AppleWebKit/537.36 (KHTML, like Gecko) Chrome/55.0.2883.87 Safari/537.36
Accept: text/html,application/xhtml+xml,application/xml;q=0.9,image/webp,*/*;q=0.8
Accept-Encoding: gzip, deflate, sdch, br
Accept-Language: ja,en-US;q=0.8,en;q=0.6

Host: localhost:1234
Connection: keep-alive
Cache-Control: max-age=0
Upgrade-Insecure-Requests: 1
User-Agent: Mozilla/5.0 (Windows NT 10.0; Win64; x64) AppleWebKit/537.36 (KHTML, like Gecko) Chrome/55.0.2883.87 Safari/537.36
Accept: text/html,application/xhtml+xml,application/xml;q=0.9,image/webp,*/*;q=0.8
Accept-Encoding: gzip, deflate, sdch, br
Accept-Language: ja,en-US;q=0.8,en;q=0.6

Accept: text/html, application/xhtml+xml, image/jxr, */*
Accept-Language: ja
User-Agent: Mozilla/5.0 (Windows NT 10.0; Win64; x64) AppleWebKit/537.36 (KHTML, like Gecko) Chrome/51.0.2704.79 Safari/537.36 Edge/14.14393
Accept-Encoding: gzip, deflate
Host: localhost:1234
Connection: Keep-Alive

Accept: text/html, application/xhtml+xml, image/jxr, */*
Accept-Language: ja
User-Agent: Mozilla/5.0 (Windows NT 10.0; Win64; x64) AppleWebKit/537.36 (KHTML, like Gecko) Chrome/51.0.2704.79 Safari/537.36 Edge/14.14393
Accept-Encoding: gzip, deflate
Host: localhost:1234
Connection: Keep-Alive



